
/home/runner/work/exp-modeling-uml-use-case-diagrams-iitkgp/exp-modeling-uml-use-case-diagrams-iitkgp/experiment/simulation/js/ex2ucasedg.js
     9:13  warning  'arract2' is assigned a value but never used   no-unused-vars
    11:10  warning  'addbtnt21' is defined but never used          no-unused-vars
    97:5   warning  'ucaseex2' is assigned a value but never used  no-unused-vars
    98:10  warning  'addbtnt22' is defined but never used          no-unused-vars
   197:5   warning  'arr' is assigned a value but never used       no-unused-vars
   198:10  warning  'addbtnt23' is defined but never used          no-unused-vars
   203:5   warning  'leftClass' is not defined                     no-undef
   209:5   warning  'rightClass' is not defined                    no-undef
   247:13  warning  'leftClass' is not defined                     no-undef
   255:15  warning  'leftClass' is not defined                     no-undef
   255:43  warning  'rightClass' is not defined                    no-undef
   259:15  warning  'leftClass' is not defined                     no-undef
   259:46  warning  'rightClass' is not defined                    no-undef
   263:15  warning  'leftClass' is not defined                     no-undef
   263:43  warning  'rightClass' is not defined                    no-undef
   296:15  warning  'leftClass' is not defined                     no-undef
   296:28  warning  'rightClass' is not defined                    no-undef
   301:13  warning  'tr' is already defined                        no-redeclare
   304:13  warning  'td1' is already defined                       no-redeclare
   305:13  warning  'td2' is already defined                       no-redeclare
   306:13  warning  'td3' is already defined                       no-redeclare
   307:13  warning  'td4' is already defined                       no-redeclare
   308:13  warning  'td5' is already defined                       no-redeclare
   309:13  warning  'tdval1' is already defined                    no-redeclare
   310:13  warning  'tdval2' is already defined                    no-redeclare
   311:13  warning  'tdval3' is already defined                    no-redeclare
   312:13  warning  'tdval4' is already defined                    no-redeclare
   874:10  warning  'removerowtb' is defined but never used        no-unused-vars
   876:9   warning  '$' is not defined                             no-undef
   884:10  warning  'removerowact2' is defined but never used      no-unused-vars
   887:30  warning  '$' is not defined                             no-undef
   889:9   warning  '$' is not defined                             no-undef
   890:9   warning  '$' is not defined                             no-undef
   891:9   warning  '$' is not defined                             no-undef
   892:38  warning  'listItemValue' is not defined                 no-undef
   905:10  warning  'removerowuc2' is defined but never used       no-unused-vars
   907:30  warning  '$' is not defined                             no-undef
   909:9   warning  '$' is not defined                             no-undef
   910:9   warning  '$' is not defined                             no-undef
   911:9   warning  '$' is not defined                             no-undef
   922:5   warning  'paper' is assigned a value but never used     no-unused-vars
   928:10  warning  'drawbtnex2' is defined but never used         no-unused-vars
   939:10  warning  'a' is not defined                             no-undef
   939:17  warning  'a' is not defined                             no-undef
   939:41  warning  'a' is not defined                             no-undef
   942:42  warning  'a' is not defined                             no-undef
   952:10  warning  'r' is not defined                             no-undef
   952:17  warning  'r' is not defined                             no-undef
   952:41  warning  'r' is not defined                             no-undef
   955:42  warning  'r' is not defined                             no-undef
   966:10  warning  'u' is not defined                             no-undef
   966:17  warning  'u' is not defined                             no-undef
   966:41  warning  'u' is not defined                             no-undef
   969:42  warning  'u' is not defined                             no-undef
   977:10  warning  'lb' is not defined                            no-undef
   977:18  warning  'lb' is not defined                            no-undef
   977:43  warning  'lb' is not defined                            no-undef
   980:42  warning  'lb' is not defined                            no-undef
  1060:21  warning  'joint' is not defined                         no-undef
  1062:21  warning  'joint' is not defined                         no-undef
  1064:17  warning  'joint' is not defined                         no-undef
  1086:22  warning  'joint' is not defined                         no-undef
  1105:22  warning  'joint' is not defined                         no-undef
  1120:20  warning  'joint' is not defined                         no-undef
  1142:20  warning  'joint' is not defined                         no-undef
  1163:20  warning  'joint' is not defined                         no-undef
  1184:20  warning  'joint' is not defined                         no-undef
  1208:20  warning  'joint' is not defined                         no-undef
  1229:20  warning  'joint' is not defined                         no-undef
  1250:20  warning  'joint' is not defined                         no-undef
  1272:20  warning  'joint' is not defined                         no-undef
  1293:20  warning  'joint' is not defined                         no-undef
  1314:21  warning  'joint' is not defined                         no-undef
  1335:5   warning  'joint' is not defined                         no-undef
  1349:21  warning  'joint' is not defined                         no-undef
  1356:21  warning  'joint' is not defined                         no-undef
  1364:21  warning  'joint' is not defined                         no-undef
  1371:21  warning  'joint' is not defined                         no-undef
  1378:21  warning  'joint' is not defined                         no-undef
  1386:21  warning  'joint' is not defined                         no-undef
  1393:22  warning  'joint' is not defined                         no-undef
  1410:22  warning  'joint' is not defined                         no-undef
  1428:22  warning  'joint' is not defined                         no-undef
  1446:22  warning  'joint' is not defined                         no-undef
  1465:22  warning  'joint' is not defined                         no-undef
  1483:22  warning  'joint' is not defined                         no-undef
  1501:21  warning  'joint' is not defined                         no-undef

/home/runner/work/exp-modeling-uml-use-case-diagrams-iitkgp/exp-modeling-uml-use-case-diagrams-iitkgp/experiment/simulation/js/main.js
    9:10  warning  'subex' is defined but never used          no-unused-vars
   55:10  warning  'viewsolutionb' is defined but never used  no-unused-vars
   62:10  warning  'solview' is defined but never used        no-unused-vars
   87:10  warning  'addbtnt1' is defined but never used       no-unused-vars
  179:23  warning  Unnecessary semicolon                      no-extra-semi
  181:10  warning  'addbtnt2' is defined but never used       no-unused-vars
  277:10  warning  'addbtnt3' is defined but never used       no-unused-vars
  282:3   warning  'leftClass' is not defined                 no-undef
  287:3   warning  'rightClass' is not defined                no-undef
  319:9   warning  'leftClass' is not defined                 no-undef
  327:13  warning  'leftClass' is not defined                 no-undef
  327:41  warning  'rightClass' is not defined                no-undef
  331:13  warning  'leftClass' is not defined                 no-undef
  331:44  warning  'rightClass' is not defined                no-undef
  335:13  warning  'leftClass' is not defined                 no-undef
  335:26  warning  'rightClass' is not defined                no-undef
  553:10  warning  'removerow' is defined but never used      no-unused-vars
  555:5   warning  '$' is not defined                         no-undef
  566:10  warning  'removerowuc' is defined but never used    no-unused-vars
  571:25  warning  '$' is not defined                         no-undef
  573:5   warning  '$' is not defined                         no-undef
  574:5   warning  '$' is not defined                         no-undef
  575:5   warning  '$' is not defined                         no-undef
  633:10  warning  'drawbtnex1' is defined but never used     no-unused-vars
  653:8   warning  'i' is not defined                         no-undef
  653:15  warning  'i' is not defined                         no-undef
  653:38  warning  'i' is not defined                         no-undef
  656:37  warning  'i' is not defined                         no-undef
  669:8   warning  'r' is not defined                         no-undef
  669:15  warning  'r' is not defined                         no-undef
  669:38  warning  'r' is not defined                         no-undef
  672:37  warning  'r' is not defined                         no-undef
  683:8   warning  'u' is not defined                         no-undef
  683:15  warning  'u' is not defined                         no-undef
  683:38  warning  'u' is not defined                         no-undef
  686:37  warning  'u' is not defined                         no-undef
  694:8   warning  'lb' is not defined                        no-undef
  694:16  warning  'lb' is not defined                        no-undef
  694:40  warning  'lb' is not defined                        no-undef
  697:37  warning  'lb' is not defined                        no-undef
  780:19  warning  'joint' is not defined                     no-undef
  782:19  warning  'joint' is not defined                     no-undef
  784:15  warning  'joint' is not defined                     no-undef
  799:3   warning  '$' is not defined                         no-undef
  800:23  warning  '$' is not defined                         no-undef
  807:20  warning  'joint' is not defined                     no-undef
  826:20  warning  'joint' is not defined                     no-undef
  839:17  warning  'joint' is not defined                     no-undef
  859:17  warning  'joint' is not defined                     no-undef
  878:17  warning  'joint' is not defined                     no-undef
  898:3   warning  'joint' is not defined                     no-undef
  912:19  warning  'joint' is not defined                     no-undef
  918:19  warning  'joint' is not defined                     no-undef
  924:19  warning  'joint' is not defined                     no-undef
  930:19  warning  'joint' is not defined                     no-undef
  936:19  warning  'joint' is not defined                     no-undef

/home/runner/work/exp-modeling-uml-use-case-diagrams-iitkgp/exp-modeling-uml-use-case-diagrams-iitkgp/experiment/simulation/js/simulation.js
    8:10  warning  'playsimulation' is defined but never used    no-unused-vars
   25:5   warning  'stopani' is not defined                      no-undef
   31:5   warning  'stopani' is not defined                      no-undef
   40:5   warning  'stopani' is not defined                      no-undef
   51:5   warning  'stopani' is not defined                      no-undef
   57:5   warning  'stopani' is not defined                      no-undef
   65:5   warning  'stopani' is not defined                      no-undef
   76:5   warning  'stopani' is not defined                      no-undef
   81:5   warning  'stopani' is not defined                      no-undef
   88:5   warning  'stopani' is not defined                      no-undef
  101:5   warning  'stopani' is not defined                      no-undef
  108:5   warning  'stopani' is not defined                      no-undef
  117:5   warning  'stopani' is not defined                      no-undef
  125:5   warning  'stopani' is not defined                      no-undef
  135:5   warning  'stopani' is not defined                      no-undef
  142:5   warning  'stopani' is not defined                      no-undef
  152:5   warning  'stopani' is not defined                      no-undef
  159:5   warning  'stopani' is not defined                      no-undef
  169:5   warning  'stopani' is not defined                      no-undef
  176:5   warning  'stopani' is not defined                      no-undef
  186:5   warning  'stopani' is not defined                      no-undef
  193:5   warning  'stopani' is not defined                      no-undef
  204:5   warning  'stopani' is not defined                      no-undef
  211:5   warning  'stopani' is not defined                      no-undef
  223:18  warning  'stopani' is not defined                      no-undef
  228:10  warning  'replaysimulation' is defined but never used  no-unused-vars
  235:10  warning  'pausesimulation' is defined but never used   no-unused-vars
  264:18  warning  'stopani' is not defined                      no-undef
  269:10  warning  'gostart' is defined but never used           no-unused-vars
  276:5   warning  'stopani' is not defined                      no-undef
  291:18  warning  'stopani' is not defined                      no-undef
  296:10  warning  'goend' is defined but never used             no-unused-vars
  303:5   warning  'stopani' is not defined                      no-undef
  317:16  warning  'stopani' is not defined                      no-undef

✖ 177 problems (0 errors, 177 warnings)
  0 errors and 1 warning potentially fixable with the `--fix` option.

